Using pre-set license
Built from '2021.3/staging' branch; Version is '2021.3.2f1 (d6360bedb9a0) revision 14038539'; Using compiler version '192829333'; Build Type 'Release'
OS: 'Windows 10  (10.0.19044) 64bit Core' Language: 'en' Physical Memory: 16298 MB
BatchMode: 1, IsHumanControllingUs: 0, StartBugReporterOnCrash: 0, Is64bit: 1, IsPro: 1

COMMAND LINE ARGUMENTS:
C:\Program Files\Unity\Hub\Editor\2021.3.2f1\Editor\Unity.exe
-adb2
-batchMode
-noUpm
-name
AssetImportWorker0
-projectPath
C:/Users/derin/Documents/HKU/Jaar1/Blok4/ProjectVrij/ProjectVrijT20/ProjectVrij
-logFile
Logs/AssetImportWorker0.log
-srvPort
58342
Successfully changed project path to: C:/Users/derin/Documents/HKU/Jaar1/Blok4/ProjectVrij/ProjectVrijT20/ProjectVrij
C:/Users/derin/Documents/HKU/Jaar1/Blok4/ProjectVrij/ProjectVrijT20/ProjectVrij
[UnityMemory] Configuration Parameters - Can be set up in boot.config
    "memorysetup-bucket-allocator-granularity=16"
    "memorysetup-bucket-allocator-bucket-count=8"
    "memorysetup-bucket-allocator-block-size=33554432"
    "memorysetup-bucket-allocator-block-count=8"
    "memorysetup-main-allocator-block-size=16777216"
    "memorysetup-thread-allocator-block-size=16777216"
    "memorysetup-gfx-main-allocator-block-size=16777216"
    "memorysetup-gfx-thread-allocator-block-size=16777216"
    "memorysetup-cache-allocator-block-size=4194304"
    "memorysetup-typetree-allocator-block-size=2097152"
    "memorysetup-profiler-bucket-allocator-granularity=16"
    "memorysetup-profiler-bucket-allocator-bucket-count=8"
    "memorysetup-profiler-bucket-allocator-block-size=33554432"
    "memorysetup-profiler-bucket-allocator-block-count=8"
    "memorysetup-profiler-allocator-block-size=16777216"
    "memorysetup-profiler-editor-allocator-block-size=1048576"
    "memorysetup-temp-allocator-size-main=16777216"
    "memorysetup-job-temp-allocator-block-size=2097152"
    "memorysetup-job-temp-allocator-block-size-background=1048576"
    "memorysetup-job-temp-allocator-reduction-small-platforms=262144"
    "memorysetup-temp-allocator-size-background-worker=32768"
    "memorysetup-temp-allocator-size-job-worker=262144"
    "memorysetup-temp-allocator-size-preload-manager=33554432"
    "memorysetup-temp-allocator-size-nav-mesh-worker=65536"
    "memorysetup-temp-allocator-size-audio-worker=65536"
    "memorysetup-temp-allocator-size-cloud-worker=32768"
    "memorysetup-temp-allocator-size-gi-baking-worker=262144"
    "memorysetup-temp-allocator-size-gfx=262144"
Refreshing native plugins compatible for Editor in 82.88 ms, found 24 plugins.
Preloading 0 native plugins for Editor in 0.00 ms.
Initialize engine version: 2021.3.2f1 (d6360bedb9a0)
[Subsystems] Discovering subsystems at path C:/Program Files/Unity/Hub/Editor/2021.3.2f1/Editor/Data/Resources/UnitySubsystems
[Subsystems] Discovering subsystems at path C:/Users/derin/Documents/HKU/Jaar1/Blok4/ProjectVrij/ProjectVrijT20/ProjectVrij/Assets
GfxDevice: creating device client; threaded=0; jobified=0
Direct3D:
    Version:  Direct3D 11.0 [level 11.1]
    Renderer: NVIDIA GeForce RTX 3080 (ID=0x2216)
    Vendor:   NVIDIA
    VRAM:     10078 MB
    Driver:   30.0.15.1277
Initialize mono
Mono path[0] = 'C:/Program Files/Unity/Hub/Editor/2021.3.2f1/Editor/Data/Managed'
Mono path[1] = 'C:/Program Files/Unity/Hub/Editor/2021.3.2f1/Editor/Data/MonoBleedingEdge/lib/mono/unityjit-win32'
Mono config path = 'C:/Program Files/Unity/Hub/Editor/2021.3.2f1/Editor/Data/MonoBleedingEdge/etc'
Using monoOptions --debugger-agent=transport=dt_socket,embedding=1,server=y,suspend=n,address=127.0.0.1:56784
Begin MonoManager ReloadAssembly
Registering precompiled unity dll's ...
Register platform support module: C:/Program Files/Unity/Hub/Editor/2021.3.2f1/Editor/Data/PlaybackEngines/WindowsStandaloneSupport/UnityEditor.WindowsStandalone.Extensions.dll
Registered in 0.003635 seconds.
Native extension for WindowsStandalone target not found
Refreshing native plugins compatible for Editor in 79.56 ms, found 24 plugins.
Preloading 0 native plugins for Editor in 0.00 ms.
Mono: successfully reloaded assembly
- Completed reload, in  0.470 seconds
Domain Reload Profiling:
	ReloadAssembly (470ms)
		BeginReloadAssembly (51ms)
			ExecutionOrderSort (0ms)
			DisableScriptedObjects (0ms)
			BackupInstance (0ms)
			ReleaseScriptingObjects (0ms)
			CreateAndSetChildDomain (1ms)
		EndReloadAssembly (344ms)
			LoadAssemblies (49ms)
			RebuildTransferFunctionScriptingTraits (0ms)
			SetupTypeCache (68ms)
			ReleaseScriptCaches (0ms)
			RebuildScriptCaches (19ms)
			SetupLoadedEditorAssemblies (221ms)
				LogAssemblyErrors (0ms)
				InitializePlatformSupportModulesInManaged (5ms)
				SetLoadedEditorAssemblies (0ms)
				RefreshPlugins (80ms)
				BeforeProcessingInitializeOnLoad (1ms)
				ProcessInitializeOnLoadAttributes (103ms)
				ProcessInitializeOnLoadMethodAttributes (32ms)
				AfterProcessingInitializeOnLoad (0ms)
				EditorAssembliesLoaded (0ms)
			ExecutionOrderSort2 (0ms)
			AwakeInstancesAfterBackupRestoration (0ms)
Platform modules already initialized, skipping
Registering precompiled user dll's ...
Registered in 0.006308 seconds.
Begin MonoManager ReloadAssembly
Symbol file LoadedFromMemory doesn't match image C:\Users\derin\Documents\HKU\Jaar1\Blok4\ProjectVrij\ProjectVrijT20\ProjectVrij\Library\PackageCache\com.unity.visualscripting@1.7.6\Editor\VisualScripting.Core\Dependencies\YamlDotNet\Unity.VisualScripting.YamlDotNet.dll
Symbol file LoadedFromMemory doesn't match image C:\Users\derin\Documents\HKU\Jaar1\Blok4\ProjectVrij\ProjectVrijT20\ProjectVrij\Library\PackageCache\com.unity.visualscripting@1.7.6\Editor\VisualScripting.Core\Dependencies\DotNetZip\Unity.VisualScripting.IonicZip.dll
Native extension for WindowsStandalone target not found
Refreshing native plugins compatible for Editor in 81.39 ms, found 24 plugins.
Preloading 0 native plugins for Editor in 0.00 ms.
Mono: successfully reloaded assembly
- Completed reload, in  0.917 seconds
Domain Reload Profiling:
	ReloadAssembly (918ms)
		BeginReloadAssembly (78ms)
			ExecutionOrderSort (0ms)
			DisableScriptedObjects (4ms)
			BackupInstance (0ms)
			ReleaseScriptingObjects (0ms)
			CreateAndSetChildDomain (15ms)
		EndReloadAssembly (758ms)
			LoadAssemblies (60ms)
			RebuildTransferFunctionScriptingTraits (0ms)
			SetupTypeCache (178ms)
			ReleaseScriptCaches (1ms)
			RebuildScriptCaches (47ms)
			SetupLoadedEditorAssemblies (439ms)
				LogAssemblyErrors (0ms)
				InitializePlatformSupportModulesInManaged (3ms)
				SetLoadedEditorAssemblies (0ms)
				RefreshPlugins (81ms)
				BeforeProcessingInitializeOnLoad (89ms)
				ProcessInitializeOnLoadAttributes (200ms)
				ProcessInitializeOnLoadMethodAttributes (61ms)
				AfterProcessingInitializeOnLoad (4ms)
				EditorAssembliesLoaded (0ms)
			ExecutionOrderSort2 (0ms)
			AwakeInstancesAfterBackupRestoration (4ms)
Platform modules already initialized, skipping
========================================================================
Worker process is ready to serve import requests
Launched and connected shader compiler UnityShaderCompiler.exe after 0.06 seconds
Refreshing native plugins compatible for Editor in 1.71 ms, found 24 plugins.
Preloading 0 native plugins for Editor in 0.00 ms.
Unloading 5447 Unused Serialized files (Serialized files now loaded: 0)
Unloading 57 unused Assets / (0.8 MB). Loaded Objects now: 5878.
Memory consumption went from 217.8 MB to 217.0 MB.
Total: 3.516900 ms (FindLiveObjects: 0.355600 ms CreateObjectMapping: 0.284600 ms MarkObjects: 2.598200 ms  DeleteObjects: 0.278000 ms)

AssetImportParameters requested are different than current active one (requested -> active):
  custom:video-decoder-ogg-theora: a1e56fd34408186e4bbccfd4996cb3dc -> 
  custom:container-muxer-webm: aa71ff27fc2769a1b78a27578f13a17b -> 
  custom:container-demuxer-webm: 4f35f7cbe854078d1ac9338744f61a02 -> 
  custom:video-encoder-webm-vp8: eb34c28f22e8b96e1ab97ce403110664 -> 
  custom:audio-encoder-webm-vorbis: bf7c407c2cedff20999df2af8eb42d56 -> 
  custom:framework-win-MediaFoundation: 216162199b28c13a410421893ffa2e32 -> 
  custom:container-demuxer-ogg: 62fdf1f143b41e24485cea50d1cbac27 -> 
  custom:video-decoder-webm-vp8: 9c59270c3fd7afecdb556c50c9e8de78 -> 
  custom:audio-decoder-ogg-vorbis: bf7c407c2cedff20999df2af8eb42d56 -> 
========================================================================
Received Import Request.
  Time since last request: 10687.645526 seconds.
  path: Assets/Settings/BakeryProjectSettings.asset
  artifactKey: Guid(8f63725edf01da04889fe33ce0749fef) Importer(815301076,1909f56bfc062723c751e8b465ee728b)
Start importing Assets/Settings/BakeryProjectSettings.asset using Guid(8f63725edf01da04889fe33ce0749fef) Importer(815301076,1909f56bfc062723c751e8b465ee728b)  -> (artifact id: 'f8060c8e7e756949dcc34c8a22dfc4d8') in 0.033220 seconds 
========================================================================
Received Import Request.
  Time since last request: 103.414576 seconds.
  path: Assets/Settings
  artifactKey: Guid(12a19df4de3949a49a2d8a976e224aa9) Importer(815301076,1909f56bfc062723c751e8b465ee728b)
Start importing Assets/Settings using Guid(12a19df4de3949a49a2d8a976e224aa9) Importer(815301076,1909f56bfc062723c751e8b465ee728b)  -> (artifact id: '737ea3856e0a88f8717faf88cbb42b39') in 0.006316 seconds 
========================================================================
Received Import Request.
  Time since last request: 26.844441 seconds.
  path: Assets/Settings/URP.asset
  artifactKey: Guid(79a800bcf6d8a67459932fd44b9d3068) Importer(815301076,1909f56bfc062723c751e8b465ee728b)
Start importing Assets/Settings/URP.asset using Guid(79a800bcf6d8a67459932fd44b9d3068) Importer(815301076,1909f56bfc062723c751e8b465ee728b)  -> (artifact id: '4e49e3f5566d4f26f650707f8fe69bdc') in 0.023072 seconds 
========================================================================
Received Import Request.
  Time since last request: 19.177498 seconds.
  path: Assets/Materials
  artifactKey: Guid(13e3e3f046c9c8a4680878f245724a6a) Importer(815301076,1909f56bfc062723c751e8b465ee728b)
Start importing Assets/Materials using Guid(13e3e3f046c9c8a4680878f245724a6a) Importer(815301076,1909f56bfc062723c751e8b465ee728b)  -> (artifact id: '5e557e266ec4b2a2627752b0b579f369') in 0.004628 seconds 
========================================================================
Received Import Request.
  Time since last request: 0.097541 seconds.
  path: Assets/Materials/Skybox.mat
  artifactKey: Guid(b4cef244da7b88646aeea8434517975d) Importer(815301076,1909f56bfc062723c751e8b465ee728b)
Start importing Assets/Materials/Skybox.mat using Guid(b4cef244da7b88646aeea8434517975d) Importer(815301076,1909f56bfc062723c751e8b465ee728b)  -> (artifact id: 'a8651a5ae73561c5562a246f880febf7') in 0.056652 seconds 
========================================================================
Received Import Request.
  Time since last request: 1.348458 seconds.
  path: Assets/Materials/Wallpaintings
  artifactKey: Guid(e77c14498856edc4681f45360bba487f) Importer(815301076,1909f56bfc062723c751e8b465ee728b)
Start importing Assets/Materials/Wallpaintings using Guid(e77c14498856edc4681f45360bba487f) Importer(815301076,1909f56bfc062723c751e8b465ee728b)  -> (artifact id: '5ff4c58851b231b28ea121162136f65e') in 0.004528 seconds 
========================================================================
Received Import Request.
  Time since last request: 0.045996 seconds.
  path: Assets/Materials/Wallpaintings/Test.mat
  artifactKey: Guid(c810a3b3ea1bebc45b17db7e4d9d5a2f) Importer(815301076,1909f56bfc062723c751e8b465ee728b)
Start importing Assets/Materials/Wallpaintings/Test.mat using Guid(c810a3b3ea1bebc45b17db7e4d9d5a2f) Importer(815301076,1909f56bfc062723c751e8b465ee728b)  -> (artifact id: '4b9eb86529718fe84d2ffb869a786833') in 0.142122 seconds 
========================================================================
Received Import Request.
  Time since last request: 0.485354 seconds.
  path: Assets/Textures/WallPaintings/Test.png
  artifactKey: Guid(5221657cb4f4f8542b208550891f7c34) Importer(815301076,1909f56bfc062723c751e8b465ee728b)
Start importing Assets/Textures/WallPaintings/Test.png using Guid(5221657cb4f4f8542b208550891f7c34) Importer(815301076,1909f56bfc062723c751e8b465ee728b)  -> (artifact id: 'fdae3a7e35b3232425be87bac12d3cb6') in 0.014775 seconds 
========================================================================
Received Import Request.
  Time since last request: 150.927753 seconds.
  path: Assets/Settings/URP.asset
  artifactKey: Guid(79a800bcf6d8a67459932fd44b9d3068) Importer(815301076,1909f56bfc062723c751e8b465ee728b)
Start importing Assets/Settings/URP.asset using Guid(79a800bcf6d8a67459932fd44b9d3068) Importer(815301076,1909f56bfc062723c751e8b465ee728b)  -> (artifact id: '7acc4548c260f0fdd167f7cbe07b0dac') in 0.012310 seconds 
========================================================================
Received Prepare
Switching render pipeline 00000000000000000000000000000000 -> 79a800bcf6d8a67459932fd44b9d3068
Refreshing native plugins compatible for Editor in 7.71 ms, found 24 plugins.
Preloading 0 native plugins for Editor in 0.00 ms.
Unloading 101 Unused Serialized files (Serialized files now loaded: 0)
Unloading 50 unused Assets / (0.8 MB). Loaded Objects now: 5972.
Memory consumption went from 109.5 MB to 108.8 MB.
Total: 3.584600 ms (FindLiveObjects: 0.353000 ms CreateObjectMapping: 0.130900 ms MarkObjects: 2.825400 ms  DeleteObjects: 0.274700 ms)

AssetImportParameters requested are different than current active one (requested -> active):
  custom:video-decoder-ogg-theora: a1e56fd34408186e4bbccfd4996cb3dc -> 
  custom:container-muxer-webm: aa71ff27fc2769a1b78a27578f13a17b -> 
  custom:container-demuxer-webm: 4f35f7cbe854078d1ac9338744f61a02 -> 
  custom:video-encoder-webm-vp8: eb34c28f22e8b96e1ab97ce403110664 -> 
  custom:audio-encoder-webm-vorbis: bf7c407c2cedff20999df2af8eb42d56 -> 
  custom:framework-win-MediaFoundation: 216162199b28c13a410421893ffa2e32 -> 
  custom:container-demuxer-ogg: 62fdf1f143b41e24485cea50d1cbac27 -> 
  custom:video-decoder-webm-vp8: 9c59270c3fd7afecdb556c50c9e8de78 -> 
  custom:audio-decoder-ogg-vorbis: bf7c407c2cedff20999df2af8eb42d56 -> 
========================================================================
Received Import Request.
  Time since last request: 27.899515 seconds.
  path: Assets/Settings/URP.asset
  artifactKey: Guid(79a800bcf6d8a67459932fd44b9d3068) Importer(815301076,1909f56bfc062723c751e8b465ee728b)
Start importing Assets/Settings/URP.asset using Guid(79a800bcf6d8a67459932fd44b9d3068) Importer(815301076,1909f56bfc062723c751e8b465ee728b)  -> (artifact id: 'c4ad7b6b1ccf0e6983cab84718c23262') in 0.006473 seconds 
========================================================================
Received Import Request.
  Time since last request: 25.088736 seconds.
  path: Assets/UniversalRenderPipelineGlobalSettings.asset
  artifactKey: Guid(0d9f1d15782893a4eaf2c7f7e55385b1) Importer(815301076,1909f56bfc062723c751e8b465ee728b)
Start importing Assets/UniversalRenderPipelineGlobalSettings.asset using Guid(0d9f1d15782893a4eaf2c7f7e55385b1) Importer(815301076,1909f56bfc062723c751e8b465ee728b)  -> (artifact id: '41f1f6c7105f690112e250ba45f70f60') in 0.019703 seconds 
========================================================================
Received Import Request.
  Time since last request: 1.250029 seconds.
  path: Assets/Materials/Skybox.mat
  artifactKey: Guid(b4cef244da7b88646aeea8434517975d) Importer(815301076,1909f56bfc062723c751e8b465ee728b)
Start importing Assets/Materials/Skybox.mat using Guid(b4cef244da7b88646aeea8434517975d) Importer(815301076,1909f56bfc062723c751e8b465ee728b)  -> (artifact id: '99065e43032ee94c219c71905acc3465') in 0.107475 seconds 
========================================================================
Received Import Request.
  Time since last request: 1.040339 seconds.
  path: Assets/Materials/Wallpaintings/Test.mat
  artifactKey: Guid(c810a3b3ea1bebc45b17db7e4d9d5a2f) Importer(815301076,1909f56bfc062723c751e8b465ee728b)
Start importing Assets/Materials/Wallpaintings/Test.mat using Guid(c810a3b3ea1bebc45b17db7e4d9d5a2f) Importer(815301076,1909f56bfc062723c751e8b465ee728b)  -> (artifact id: 'a578214dc06f7b87823d415156b29f32') in 0.179383 seconds 
========================================================================
Received Prepare
Switching render pipeline 79a800bcf6d8a67459932fd44b9d3068 -> 00000000000000000000000000000000
Refreshing native plugins compatible for Editor in 8.04 ms, found 24 plugins.
Preloading 0 native plugins for Editor in 0.00 ms.
Unloading 51 Unused Serialized files (Serialized files now loaded: 0)
Unloading 51 unused Assets / (0.8 MB). Loaded Objects now: 6041.
Memory consumption went from 110.6 MB to 109.9 MB.
Total: 5.289300 ms (FindLiveObjects: 0.351500 ms CreateObjectMapping: 0.125500 ms MarkObjects: 2.716200 ms  DeleteObjects: 2.095400 ms)

AssetImportParameters requested are different than current active one (requested -> active):
  custom:video-decoder-ogg-theora: a1e56fd34408186e4bbccfd4996cb3dc -> 
  custom:container-muxer-webm: aa71ff27fc2769a1b78a27578f13a17b -> 
  custom:container-demuxer-webm: 4f35f7cbe854078d1ac9338744f61a02 -> 
  custom:video-encoder-webm-vp8: eb34c28f22e8b96e1ab97ce403110664 -> 
  custom:audio-encoder-webm-vorbis: bf7c407c2cedff20999df2af8eb42d56 -> 
  custom:framework-win-MediaFoundation: 216162199b28c13a410421893ffa2e32 -> 
  custom:container-demuxer-ogg: 62fdf1f143b41e24485cea50d1cbac27 -> 
  custom:video-decoder-webm-vp8: 9c59270c3fd7afecdb556c50c9e8de78 -> 
  custom:audio-decoder-ogg-vorbis: bf7c407c2cedff20999df2af8eb42d56 -> 
========================================================================
Received Import Request.
  Time since last request: 70.346746 seconds.
  path: Assets/Materials/Wallpaintings/TestDeca.mat
  artifactKey: Guid(3cb091b080121ed4798f56ca1480d277) Importer(815301076,1909f56bfc062723c751e8b465ee728b)
Start importing Assets/Materials/Wallpaintings/TestDeca.mat using Guid(3cb091b080121ed4798f56ca1480d277) Importer(815301076,1909f56bfc062723c751e8b465ee728b)  -> (artifact id: '156ea8620c6d28dbb3bf78a05540be30') in 0.136467 seconds 
========================================================================
Received Import Request.
  Time since last request: 3.757050 seconds.
  path: Assets/Materials/Wallpaintings/TestDecal.mat
  artifactKey: Guid(3cb091b080121ed4798f56ca1480d277) Importer(815301076,1909f56bfc062723c751e8b465ee728b)
Start importing Assets/Materials/Wallpaintings/TestDecal.mat using Guid(3cb091b080121ed4798f56ca1480d277) Importer(815301076,1909f56bfc062723c751e8b465ee728b)  -> (artifact id: 'ff0ed139d0d82b3a8d2773c55f067894') in 0.009599 seconds 
========================================================================
Received Import Request.
  Time since last request: 33.722555 seconds.
  path: Assets/Materials/Wallpaintings/TestDecal.mat
  artifactKey: Guid(3cb091b080121ed4798f56ca1480d277) Importer(815301076,1909f56bfc062723c751e8b465ee728b)
Start importing Assets/Materials/Wallpaintings/TestDecal.mat using Guid(3cb091b080121ed4798f56ca1480d277) Importer(815301076,1909f56bfc062723c751e8b465ee728b)  -> (artifact id: 'c8b2ab4814b0c956e2b96c0694c57e28') in 0.009149 seconds 
========================================================================
Received Import Request.
  Time since last request: 1.938117 seconds.
  path: Assets/UniversalRenderPipelineGlobalSettings.asset
  artifactKey: Guid(0d9f1d15782893a4eaf2c7f7e55385b1) Importer(815301076,1909f56bfc062723c751e8b465ee728b)
Start importing Assets/UniversalRenderPipelineGlobalSettings.asset using Guid(0d9f1d15782893a4eaf2c7f7e55385b1) Importer(815301076,1909f56bfc062723c751e8b465ee728b)  -> (artifact id: '566d8ae038588abaae6806a835f6e56a') in 0.002288 seconds 
========================================================================
Received Import Request.
  Time since last request: 10.122612 seconds.
  path: Assets/Settings/URP_Renderer.asset
  artifactKey: Guid(e76f65611a188c241a20c8fa2d6b9528) Importer(815301076,1909f56bfc062723c751e8b465ee728b)
Start importing Assets/Settings/URP_Renderer.asset using Guid(e76f65611a188c241a20c8fa2d6b9528) Importer(815301076,1909f56bfc062723c751e8b465ee728b)  -> (artifact id: 'c9bf49e49129b0725b665dbecaee432d') in 0.002475 seconds 
========================================================================
Received Import Request.
  Time since last request: 27.415738 seconds.
  path: Assets/Settings/URp.asset
  artifactKey: Guid(79a800bcf6d8a67459932fd44b9d3068) Importer(815301076,1909f56bfc062723c751e8b465ee728b)
Start importing Assets/Settings/URp.asset using Guid(79a800bcf6d8a67459932fd44b9d3068) Importer(815301076,1909f56bfc062723c751e8b465ee728b)  -> (artifact id: '28fe65bba288fd00b550ac4069ba9ee6') in 0.006712 seconds 
========================================================================
Received Prepare
Switching render pipeline 00000000000000000000000000000000 -> 79a800bcf6d8a67459932fd44b9d3068
Refreshing native plugins compatible for Editor in 7.29 ms, found 24 plugins.
Preloading 0 native plugins for Editor in 0.00 ms.
Unloading 53 Unused Serialized files (Serialized files now loaded: 0)
Unloading 81 unused Assets / (0.8 MB). Loaded Objects now: 6013.
Memory consumption went from 110.8 MB to 109.9 MB.
Total: 3.716200 ms (FindLiveObjects: 0.353500 ms CreateObjectMapping: 0.129700 ms MarkObjects: 2.558100 ms  DeleteObjects: 0.674500 ms)

AssetImportParameters requested are different than current active one (requested -> active):
  custom:video-decoder-ogg-theora: a1e56fd34408186e4bbccfd4996cb3dc -> 
  custom:container-muxer-webm: aa71ff27fc2769a1b78a27578f13a17b -> 
  custom:container-demuxer-webm: 4f35f7cbe854078d1ac9338744f61a02 -> 
  custom:video-encoder-webm-vp8: eb34c28f22e8b96e1ab97ce403110664 -> 
  custom:audio-encoder-webm-vorbis: bf7c407c2cedff20999df2af8eb42d56 -> 
  custom:framework-win-MediaFoundation: 216162199b28c13a410421893ffa2e32 -> 
  custom:container-demuxer-ogg: 62fdf1f143b41e24485cea50d1cbac27 -> 
  custom:video-decoder-webm-vp8: 9c59270c3fd7afecdb556c50c9e8de78 -> 
  custom:audio-decoder-ogg-vorbis: bf7c407c2cedff20999df2af8eb42d56 -> 
========================================================================
Received Import Request.
  Time since last request: 36.362789 seconds.
  path: Assets/Settings/URp.asset
  artifactKey: Guid(79a800bcf6d8a67459932fd44b9d3068) Importer(815301076,1909f56bfc062723c751e8b465ee728b)
Start importing Assets/Settings/URp.asset using Guid(79a800bcf6d8a67459932fd44b9d3068) Importer(815301076,1909f56bfc062723c751e8b465ee728b)  -> (artifact id: 'be5c31c38e57fa129adb3b560ab26d55') in 0.006698 seconds 
========================================================================
Received Import Request.
  Time since last request: 11.823976 seconds.
  path: Assets/Textures/Skybox/Skyboxc.png
  artifactKey: Guid(4b698d72994c7154bb4fd1088866475a) Importer(815301076,1909f56bfc062723c751e8b465ee728b)
Start importing Assets/Textures/Skybox/Skyboxc.png using Guid(4b698d72994c7154bb4fd1088866475a) Importer(815301076,1909f56bfc062723c751e8b465ee728b)  -> (artifact id: '6b164cb2be8cdf325986ee53fc3c8ade') in 0.054904 seconds 
========================================================================
Received Import Request.
  Time since last request: 1.879817 seconds.
  path: Assets/Materials/Wallpaintings/TestDecal.mat
  artifactKey: Guid(3cb091b080121ed4798f56ca1480d277) Importer(815301076,1909f56bfc062723c751e8b465ee728b)
Start importing Assets/Materials/Wallpaintings/TestDecal.mat using Guid(3cb091b080121ed4798f56ca1480d277) Importer(815301076,1909f56bfc062723c751e8b465ee728b)  -> (artifact id: '3fced4e4b36bda59424d45f923648d84') in 0.054198 seconds 
========================================================================
Received Import Request.
  Time since last request: 34.707549 seconds.
  path: Assets/Materials/Wall.mat
  artifactKey: Guid(6028d781c713dde4f96c20644e092481) Importer(815301076,1909f56bfc062723c751e8b465ee728b)
Start importing Assets/Materials/Wall.mat using Guid(6028d781c713dde4f96c20644e092481) Importer(815301076,1909f56bfc062723c751e8b465ee728b)  -> (artifact id: '6b5c1d49fee4fce22ff5da8f96f5f8cf') in 0.647873 seconds 
========================================================================
Received Import Request.
  Time since last request: 159.840624 seconds.
  path: Assets/Textures
  artifactKey: Guid(19157d279c9269a49a085a0834fb1f13) Importer(815301076,1909f56bfc062723c751e8b465ee728b)
Start importing Assets/Textures using Guid(19157d279c9269a49a085a0834fb1f13) Importer(815301076,1909f56bfc062723c751e8b465ee728b)  -> (artifact id: '8fa5854609eaf781d9c7f64872919e3a') in 0.004845 seconds 
========================================================================
Received Import Request.
  Time since last request: 0.888625 seconds.
  path: Assets/Textures/WallPaintings
  artifactKey: Guid(6e6e5cf0f70179145a5079e7662a6534) Importer(815301076,1909f56bfc062723c751e8b465ee728b)
Start importing Assets/Textures/WallPaintings using Guid(6e6e5cf0f70179145a5079e7662a6534) Importer(815301076,1909f56bfc062723c751e8b465ee728b)  -> (artifact id: '93343d41ac6c5c2ef1b0d25d53ba2504') in 0.004971 seconds 
========================================================================
Received Import Request.
  Time since last request: 0.049045 seconds.
  path: Assets/Textures/WallPaintings/Test.png
  artifactKey: Guid(5221657cb4f4f8542b208550891f7c34) Importer(815301076,1909f56bfc062723c751e8b465ee728b)
Start importing Assets/Textures/WallPaintings/Test.png using Guid(5221657cb4f4f8542b208550891f7c34) Importer(815301076,1909f56bfc062723c751e8b465ee728b)  -> (artifact id: '1e74369407ae3953a7121b70d11e050b') in 0.010658 seconds 
========================================================================
Received Import Request.
  Time since last request: 14.116293 seconds.
  path: Assets/Materials/Wallpaintings/TestDecal.mat
  artifactKey: Guid(3cb091b080121ed4798f56ca1480d277) Importer(815301076,1909f56bfc062723c751e8b465ee728b)
Start importing Assets/Materials/Wallpaintings/TestDecal.mat using Guid(3cb091b080121ed4798f56ca1480d277) Importer(815301076,1909f56bfc062723c751e8b465ee728b)  -> (artifact id: '74a3c8a096e42f4b2420cabc7f1cfdac') in 0.011286 seconds 
========================================================================
Received Import Request.
  Time since last request: 3.230028 seconds.
  path: Assets/BakeryLightmaps/CaveCoolYeah_LM0_final.hdr
  artifactKey: Guid(de3299243a608bf4eb63d3f2a35223c7) Importer(815301076,1909f56bfc062723c751e8b465ee728b)
Start importing Assets/BakeryLightmaps/CaveCoolYeah_LM0_final.hdr using Guid(de3299243a608bf4eb63d3f2a35223c7) Importer(815301076,1909f56bfc062723c751e8b465ee728b)  -> (artifact id: '9d18b735f0260c6b7a2b0333d73febdb') in 0.022733 seconds 
========================================================================
Received Import Request.
  Time since last request: 0.000029 seconds.
  path: Assets/BakeryLightmaps/CaveCoolYeah_LMA1_final.hdr
  artifactKey: Guid(3872a419c6d2fd74a8cc37e88589c969) Importer(815301076,1909f56bfc062723c751e8b465ee728b)
Start importing Assets/BakeryLightmaps/CaveCoolYeah_LMA1_final.hdr using Guid(3872a419c6d2fd74a8cc37e88589c969) Importer(815301076,1909f56bfc062723c751e8b465ee728b)  -> (artifact id: '305ac80c742ff4cee7a9a68080353ead') in 0.014015 seconds 
========================================================================
Received Import Request.
  Time since last request: 0.000021 seconds.
  path: Assets/Bakery/emptyDirection.tga
  artifactKey: Guid(04afea73344b7d049b5b7ac5ae315dd5) Importer(815301076,1909f56bfc062723c751e8b465ee728b)
Start importing Assets/Bakery/emptyDirection.tga using Guid(04afea73344b7d049b5b7ac5ae315dd5) Importer(815301076,1909f56bfc062723c751e8b465ee728b)  -> (artifact id: 'a8053c9b79a59970af19d91950f14c1a') in 0.014302 seconds 
========================================================================
Received Import Request.
  Time since last request: 0.000019 seconds.
  path: Assets/BakeryLightmaps/CaveCoolYeah_LMA1_mask.tga
  artifactKey: Guid(5559aa166083c3b428a4af3941e9d798) Importer(815301076,1909f56bfc062723c751e8b465ee728b)
Start importing Assets/BakeryLightmaps/CaveCoolYeah_LMA1_mask.tga using Guid(5559aa166083c3b428a4af3941e9d798) Importer(815301076,1909f56bfc062723c751e8b465ee728b)  -> (artifact id: '1072bee97f59611492f82fff58c946c8') in 0.024597 seconds 
========================================================================
Received Import Request.
  Time since last request: 0.000023 seconds.
  path: Assets/Bakery/ftUnitySpotTexture.bmp
  artifactKey: Guid(3a66602b8cc7fdd4ab57d07b4176432b) Importer(815301076,1909f56bfc062723c751e8b465ee728b)
Start importing Assets/Bakery/ftUnitySpotTexture.bmp using Guid(3a66602b8cc7fdd4ab57d07b4176432b) Importer(815301076,1909f56bfc062723c751e8b465ee728b)  -> (artifact id: '07baf4414a1c3e06a6b466ffbb58c6e0') in 0.015003 seconds 
========================================================================
Received Import Request.
  Time since last request: 0.000019 seconds.
  path: Assets/Editor/x64/Bakery/icon.png
  artifactKey: Guid(9f3214aa72e84444bafd15f7a4c74fd5) Importer(815301076,1909f56bfc062723c751e8b465ee728b)
Start importing Assets/Editor/x64/Bakery/icon.png using Guid(9f3214aa72e84444bafd15f7a4c74fd5) Importer(815301076,1909f56bfc062723c751e8b465ee728b)  -> (artifact id: '71a3d431bc97779e41c80dd2265ed54c') in 0.013035 seconds 
